<?xml version="1.0" encoding="UTF-8"?>
<!-- Generated by org.testng.reporters.JUnitReportReporter -->
<testsuite hostname="LAPTOP-5V88B96L" failures="0" tests="2" name="com.org.learningMaven.Sel5" time="108.693" errors="0" timestamp="2020-11-18T09:49:54 EST" skipped="0">
  <testcase classname="com.org.learningMaven.Sel5" name="testLoginNE" time="44.891"/>
  <system-out/>
  <testcase classname="com.org.learningMaven.Sel5" name="testCourse" time="63.802"/>
  <system-out/>
</testsuite> <!-- com.org.learningMaven.Sel5 -->
