<?xml version="1.0" encoding="UTF-8"?>
<!-- Generated by org.testng.reporters.JUnitReportReporter -->
<testsuite skipped="0" hostname="YitongdeMBP" name="com.org.learningMaven.Selenium4" tests="6" failures="0" timestamp="2020-11-19T11:48:13 EST" time="136.162" errors="0">
  <testcase name="testLoginNE" time="15.081" classname="com.org.learningMaven.Selenium4"/>
  <system-out>
<img width='400' height='240' src = '/Users/yitongliu/eclipse-workspace/proj/Seleniumproj/My_Favorites/Login/login.png'/><br/> testLoginNE:  Expected: https://my.northeastern.edu Actual: https://my.northeastern.edu/group/student Fail/Pass:  Pass  </system-out>
  <testcase name="testAddFav" time="19.965" classname="com.org.learningMaven.Selenium4"/>
  <system-out>
<img width='400' height='240' src = '/Users/yitongliu/eclipse-workspace/proj/Seleniumproj/My_Favorites/Add/Success.png'/><br/> testAddFav:  Expected: true Actual: true Fail/Pass:  Pass  </system-out>
  <testcase name="testLogin" time="11.659" classname="com.org.learningMaven.Selenium4"/>
  <system-out>
<img width='400' height='240' src = '/Users/yitongliu/eclipse-workspace/proj/Seleniumproj/bookstore/Logincart/login.png'/><br/> testLogin:  Expected: true Actual: true Fail/Pass:  Pass  </system-out>
  <testcase name="testCart" time="39.258" classname="com.org.learningMaven.Selenium4"/>
  <system-out>
<img width='400' height='240' src = '/Users/yitongliu/eclipse-workspace/proj/Seleniumproj/bookstore/testcart/success.png'/><br/> testCart:  Expected: Shopping Cart | The Northeastern University Bookstore Actual: Shopping Cart | The Northeastern University Bookstore Fail/Pass:  Pass  </system-out>
  <testcase name="testLoginNECourse" time="16.854" classname="com.org.learningMaven.Selenium4"/>
  <system-out>
<img width='400' height='240' src = '/Users/yitongliu/eclipse-workspace/proj/Seleniumproj/course/Login/login.png'/><br/> testLoginNE:  Expected: https://my.northeastern.edu Actual: https://my.northeastern.edu/group/student Fail/Pass:  Pass  </system-out>
  <testcase name="testCourse" time="33.345" classname="com.org.learningMaven.Selenium4"/>
  <system-out>
<img width='400' height='240' src = '/Users/yitongliu/eclipse-workspace/proj/Seleniumproj/course/sub.png'/><br/> testCourse Expected: Spring 2021 Semester Actual: Spring 2021 Semester Pass/Fail:  Pass  </system-out>
</testsuite> <!-- com.org.learningMaven.Selenium4 -->
